<?xml version="1.0" encoding="UTF-8"?>
<testng-results ignored="0" total="1" passed="1" failed="0" skipped="0">
  <reporter-output>
  </reporter-output>
  <suite started-at="2021-01-09T10:48:00 IST" name="Default suite" finished-at="2021-01-09T10:48:46 IST" duration-ms="45866">
    <groups>
    </groups>
    <test started-at="2021-01-09T10:48:00 IST" name="Default test" finished-at="2021-01-09T10:48:46 IST" duration-ms="45866">
      <class name="com.actitime.testscripts.CustomerModule">
        <test-method is-config="true" signature="openBrowser()[pri:0, instance:com.actitime.testscripts.CustomerModule@318ba8c8]" started-at="2021-01-09T10:48:00 IST" name="openBrowser" finished-at="2021-01-09T10:48:04 IST" duration-ms="4433" status="PASS">
          <reporter-output>
          </reporter-output>
        </test-method> <!-- openBrowser -->
        <test-method is-config="true" signature="login()[pri:0, instance:com.actitime.testscripts.CustomerModule@318ba8c8]" started-at="2021-01-09T10:48:04 IST" name="login" finished-at="2021-01-09T10:48:24 IST" duration-ms="20037" status="PASS">
          <reporter-output>
          </reporter-output>
        </test-method> <!-- login -->
        <test-method signature="testCreatCustomer()[pri:0, instance:com.actitime.testscripts.CustomerModule@318ba8c8]" started-at="2021-01-09T10:48:24 IST" name="testCreatCustomer" finished-at="2021-01-09T10:48:42 IST" duration-ms="17763" status="PASS">
          <reporter-output>
          </reporter-output>
        </test-method> <!-- testCreatCustomer -->
        <test-method is-config="true" signature="logout()[pri:0, instance:com.actitime.testscripts.CustomerModule@318ba8c8]" started-at="2021-01-09T10:48:42 IST" name="logout" finished-at="2021-01-09T10:48:45 IST" duration-ms="3445" status="PASS">
          <reporter-output>
          </reporter-output>
        </test-method> <!-- logout -->
        <test-method is-config="true" signature="CloseBrowser()[pri:0, instance:com.actitime.testscripts.CustomerModule@318ba8c8]" started-at="2021-01-09T10:48:45 IST" name="CloseBrowser" finished-at="2021-01-09T10:48:46 IST" duration-ms="134" status="PASS">
          <reporter-output>
          </reporter-output>
        </test-method> <!-- CloseBrowser -->
      </class> <!-- com.actitime.testscripts.CustomerModule -->
    </test> <!-- Default test -->
  </suite> <!-- Default suite -->
</testng-results>
